<?xml version="1.0" encoding="UTF-8"?>
<!-- Generated by org.testng.reporters.JUnitReportReporter -->
<testsuite skipped="0" hostname="DESKTOP-2ASADG1" name="org.testng.Testng2" tests="3" failures="0" timestamp="19 Oct 2021 13:15:23 GMT" time="0.009" errors="0">
  <testcase name="test4" time="0.005" classname="org.testng.Testng2"/>
  <testcase name="test5" time="0.002" classname="org.testng.Testng2"/>
  <testcase name="test6" time="0.002" classname="org.testng.Testng2"/>
</testsuite> <!-- org.testng.Testng2 -->
