<?xml version="1.0" encoding="UTF-8"?>
<!-- Generated by org.testng.reporters.JUnitReportReporter -->
<testsuite skipped="0" hostname="DESKTOP-2ASADG1" name="org.sample.Testng" tests="2" failures="0" timestamp="16 Oct 2021 09:04:30 GMT" time="0.004" errors="0">
  <testcase name="test6" time="0.001" classname="org.sample.Testng"/>
  <testcase name="test5" time="0.003" classname="org.sample.Testng"/>
</testsuite> <!-- org.sample.Testng -->
