<?xml version="1.0" encoding="UTF-8"?>
<!-- Generated by org.testng.reporters.JUnitReportReporter -->
<testsuite skipped="0" hostname="DESKTOP-2ASADG1" name="org.testng.Testng1" tests="3" failures="0" timestamp="19 Oct 2021 13:15:23 GMT" time="0.008" errors="0">
  <testcase name="test2" time="0.000" classname="org.testng.Testng1"/>
  <testcase name="test1" time="0.001" classname="org.testng.Testng1"/>
  <testcase name="test3" time="0.007" classname="org.testng.Testng1"/>
</testsuite> <!-- org.testng.Testng1 -->
