<?xml version="1.0" encoding="UTF-8"?>
<!-- Generated by org.testng.reporters.JUnitReportReporter -->
<testsuite skipped="0" hostname="DESKTOP-2ASADG1" name="org.testng.Testing" tests="2" failures="0" timestamp="19 Oct 2021 13:15:23 GMT" time="0.009" errors="0">
  <testcase name="tc9" time="0.007" classname="org.testng.Testing"/>
  <testcase name="tc10" time="0.002" classname="org.testng.Testing"/>
</testsuite> <!-- org.testng.Testing -->
