<?xml version="1.0" encoding="UTF-8"?>
<!-- Generated by org.testng.reporters.JUnitReportReporter -->
<testsuite skipped="0" hostname="DESKTOP-2ASADG1" name="org.CrossBrowser.Browser" tests="1" failures="0" timestamp="23 Oct 2021 09:21:58 GMT" time="9.375" errors="0">
  <testcase name="tc1" time="9.375" classname="org.CrossBrowser.Browser"/>
</testsuite> <!-- org.CrossBrowser.Browser -->
