<?xml version="1.0" encoding="UTF-8"?>
<!-- Generated by org.testng.reporters.JUnitReportReporter -->
<testsuite skipped="0" hostname="DESKTOP-2ASADG1" name="org.assertions.SoftAssert" tests="1" failures="0" timestamp="23 Oct 2021 09:08:45 GMT" time="0.006" errors="0">
  <testcase name="tc1" time="0.006" classname="org.assertions.SoftAssert"/>
</testsuite> <!-- org.assertions.SoftAssert -->
