<?xml version="1.0" encoding="UTF-8"?>
<!-- Generated by org.testng.reporters.JUnitReportReporter -->
<testsuite skipped="0" hostname="DESKTOP-2ASADG1" name="org.Groupings.Tetsings" tests="2" failures="0" timestamp="23 Oct 2021 09:40:15 GMT" time="0.005" errors="0">
  <testcase name="tc1" time="0.005" classname="org.Groupings.Tetsings"/>
  <testcase name="tc3" time="0.000" classname="org.Groupings.Tetsings"/>
</testsuite> <!-- org.Groupings.Tetsings -->
