<?xml version="1.0" encoding="UTF-8"?>
<!-- Generated by org.testng.reporters.JUnitReportReporter -->
<testsuite skipped="0" hostname="DESKTOP-2ASADG1" name="org.manual1.Launch" tests="1" failures="0" timestamp="25 Oct 2021 14:55:09 GMT" time="7.649" errors="0">
  <testcase name="enterText" time="7.649" classname="org.manual1.Launch"/>
</testsuite> <!-- org.manual1.Launch -->
