<?xml version="1.0" encoding="UTF-8"?>
<!-- Generated by org.testng.reporters.JUnitReportReporter -->
<testsuite skipped="1" hostname="DESKTOP-2ASADG1" name="org.testng1.Testng" tests="2" failures="0" timestamp="21 Oct 2021 16:17:25 GMT" time="0.005" errors="0">
  <testcase name="tc10" time="0.005" classname="org.testng1.Testng"/>
  <testcase name="tc9" classname="org.testng1.Testng">
    <skipped/>
  </testcase> <!-- tc9 -->
</testsuite> <!-- org.testng1.Testng -->
