<?xml version="1.0" encoding="UTF-8"?>
<!-- Generated by org.testng.reporters.JUnitReportReporter -->
<testsuite skipped="0" hostname="DESKTOP-2ASADG1" name="org.parallelexecution.Test1" tests="2" failures="0" timestamp="20 Oct 2021 14:59:57 GMT" time="19.496" errors="0">
  <testcase name="tc1" time="10.015" classname="org.parallelexecution.Test1"/>
  <testcase name="tc2" time="9.481" classname="org.parallelexecution.Test1"/>
</testsuite> <!-- org.parallelexecution.Test1 -->
