<?xml version="1.0" encoding="UTF-8"?>
<!-- Generated by org.testng.reporters.JUnitReportReporter -->
<testsuite skipped="0" hostname="DESKTOP-2ASADG1" name="org.parallelexecution.Test2" tests="2" failures="0" timestamp="05 Feb 2022 12:23:51 GMT" time="20.082" errors="0">
  <testcase name="tc1" time="10.751" classname="org.parallelexecution.Test2"/>
  <testcase name="tc2" time="9.331" classname="org.parallelexecution.Test2"/>
</testsuite> <!-- org.parallelexecution.Test2 -->
