<?xml version="1.0" encoding="UTF-8"?>
<!-- Generated by org.testng.reporters.JUnitReportReporter -->
<testsuite skipped="1" hostname="DESKTOP-2ASADG1" name="org.testng1.Testng" tests="2" failures="0" timestamp="05 Feb 2022 12:23:51 GMT" time="0.000" errors="0">
  <testcase name="tc10" time="0.000" classname="org.testng1.Testng"/>
  <testcase name="tc9" classname="org.testng1.Testng">
    <skipped/>
  </testcase> <!-- tc9 -->
</testsuite> <!-- org.testng1.Testng -->
