<?xml version="1.0" encoding="UTF-8"?>
<!-- Generated by org.testng.reporters.JUnitReportReporter -->
<testsuite skipped="0" hostname="DESKTOP-2ASADG1" name="org.parallelexecution.Test1" tests="2" failures="0" timestamp="05 Feb 2022 12:23:51 GMT" time="38.524" errors="0">
  <testcase name="tc2" time="8.270" classname="org.parallelexecution.Test1"/>
  <testcase name="tc1" time="30.254" classname="org.parallelexecution.Test1"/>
</testsuite> <!-- org.parallelexecution.Test1 -->
