<?xml version="1.0" encoding="UTF-8"?>
<!-- Generated by org.testng.reporters.JUnitReportReporter -->
<testsuite skipped="0" hostname="DESKTOP-2ASADG1" name="org.testng.Testng3" tests="3" failures="0" timestamp="05 Feb 2022 12:23:51 GMT" time="0.000" errors="0">
  <testcase name="test8" time="0.000" classname="org.testng.Testng3"/>
  <testcase name="test7" time="0.000" classname="org.testng.Testng3"/>
  <testcase name="test9" time="0.000" classname="org.testng.Testng3"/>
</testsuite> <!-- org.testng.Testng3 -->
